{"/Users/andylehman/Desktop/Udacity/front end developer nanodegree/04 evaluate news nlp/src/client/js/urlChecker.js": {"path":"/Users/andylehman/Desktop/Udacity/front end developer nanodegree/04 evaluate news nlp/src/client/js/urlChecker.js","statementMap":{"0":{"start":{"line":2,"column":4},"end":{"line":2,"column":55}},"1":{"start":{"line":5,"column":16},"end":{"line":5,"column":99}},"2":{"start":{"line":6,"column":4},"end":{"line":6,"column":32}}},"fnMap":{"0":{"name":"verifyUrl","decl":{"start":{"line":1,"column":9},"end":{"line":1,"column":18}},"loc":{"start":{"line":1,"column":30},"end":{"line":7,"column":2}},"line":1}},"branchMap":{},"s":{"0":2,"1":2,"2":2},"f":{"0":2},"b":{},"_coverageSchema":"43e27e138ebf9cfc5966b082cf9a028302ed4184","hash":"312cef046dda038054224fe0f852585413290cef"}
,"/Users/andylehman/Desktop/Udacity/front end developer nanodegree/04 evaluate news nlp/src/server/index.js": {"path":"/Users/andylehman/Desktop/Udacity/front end developer nanodegree/04 evaluate news nlp/src/server/index.js","statementMap":{"0":{"start":{"line":4,"column":15},"end":{"line":4,"column":32}},"1":{"start":{"line":5,"column":0},"end":{"line":5,"column":15}},"2":{"start":{"line":8,"column":16},"end":{"line":8,"column":34}},"3":{"start":{"line":11,"column":13},"end":{"line":11,"column":38}},"4":{"start":{"line":14,"column":12},"end":{"line":14,"column":21}},"5":{"start":{"line":15,"column":0},"end":{"line":15,"column":31}},"6":{"start":{"line":18,"column":17},"end":{"line":18,"column":39}},"7":{"start":{"line":19,"column":0},"end":{"line":19,"column":51}},"8":{"start":{"line":20,"column":0},"end":{"line":20,"column":26}},"9":{"start":{"line":23,"column":13},"end":{"line":23,"column":28}},"10":{"start":{"line":24,"column":0},"end":{"line":24,"column":16}},"11":{"start":{"line":27,"column":0},"end":{"line":29,"column":2}},"12":{"start":{"line":28,"column":4},"end":{"line":28,"column":35}},"13":{"start":{"line":32,"column":11},"end":{"line":32,"column":15}},"14":{"start":{"line":33,"column":0},"end":{"line":35,"column":2}},"15":{"start":{"line":34,"column":4},"end":{"line":34,"column":43}},"16":{"start":{"line":38,"column":14},"end":{"line":41,"column":6}},"17":{"start":{"line":45,"column":4},"end":{"line":52,"column":6}},"18":{"start":{"line":48,"column":12},"end":{"line":50,"column":13}},"19":{"start":{"line":49,"column":16},"end":{"line":49,"column":34}},"20":{"start":{"line":51,"column":12},"end":{"line":51,"column":33}},"21":{"start":{"line":53,"column":4},"end":{"line":53,"column":14}},"22":{"start":{"line":57,"column":0},"end":{"line":59,"column":2}},"23":{"start":{"line":58,"column":4},"end":{"line":58,"column":24}},"24":{"start":{"line":61,"column":0},"end":{"line":61,"column":20}}},"fnMap":{"0":{"name":"(anonymous_0)","decl":{"start":{"line":27,"column":13},"end":{"line":27,"column":14}},"loc":{"start":{"line":27,"column":33},"end":{"line":29,"column":1}},"line":27},"1":{"name":"(anonymous_1)","decl":{"start":{"line":33,"column":17},"end":{"line":33,"column":18}},"loc":{"start":{"line":33,"column":29},"end":{"line":35,"column":1}},"line":33},"2":{"name":"callAylien","decl":{"start":{"line":44,"column":9},"end":{"line":44,"column":19}},"loc":{"start":{"line":44,"column":30},"end":{"line":54,"column":1}},"line":44},"3":{"name":"(anonymous_3)","decl":{"start":{"line":47,"column":11},"end":{"line":47,"column":12}},"loc":{"start":{"line":47,"column":37},"end":{"line":52,"column":5}},"line":47},"4":{"name":"(anonymous_4)","decl":{"start":{"line":57,"column":23},"end":{"line":57,"column":24}},"loc":{"start":{"line":57,"column":43},"end":{"line":59,"column":1}},"line":57}},"branchMap":{"0":{"loc":{"start":{"line":48,"column":12},"end":{"line":50,"column":13}},"type":"if","locations":[{"start":{"line":48,"column":12},"end":{"line":50,"column":13}},{"start":{"line":48,"column":12},"end":{"line":50,"column":13}}],"line":48}},"s":{"0":1,"1":1,"2":1,"3":1,"4":1,"5":1,"6":1,"7":1,"8":1,"9":1,"10":1,"11":1,"12":0,"13":1,"14":1,"15":0,"16":1,"17":0,"18":0,"19":0,"20":0,"21":0,"22":1,"23":0,"24":1},"f":{"0":0,"1":0,"2":0,"3":0,"4":0},"b":{"0":[0,0]},"_coverageSchema":"43e27e138ebf9cfc5966b082cf9a028302ed4184","hash":"d24327a1f9028f2618508d44667fbe21a781de0f"}
}
