TN:
SF:/Users/andylehman/Desktop/Udacity/front end developer nanodegree/04 evaluate news nlp/src/client/js/urlChecker.js
FN:1,verifyUrl
FNF:1
FNH:1
FNDA:2,verifyUrl
DA:2,2
DA:5,2
DA:6,2
LF:3
LH:3
BRF:0
BRH:0
end_of_record
TN:
SF:/Users/andylehman/Desktop/Udacity/front end developer nanodegree/04 evaluate news nlp/src/server/index.js
FN:27,(anonymous_0)
FN:33,(anonymous_1)
FN:44,callAylien
FN:47,(anonymous_3)
FN:57,(anonymous_4)
FNF:5
FNH:0
FNDA:0,(anonymous_0)
FNDA:0,(anonymous_1)
FNDA:0,callAylien
FNDA:0,(anonymous_3)
FNDA:0,(anonymous_4)
DA:4,1
DA:5,1
DA:8,1
DA:11,1
DA:14,1
DA:15,1
DA:18,1
DA:19,1
DA:20,1
DA:23,1
DA:24,1
DA:27,1
DA:28,0
DA:32,1
DA:33,1
DA:34,0
DA:38,1
DA:45,0
DA:48,0
DA:49,0
DA:51,0
DA:53,0
DA:57,1
DA:58,0
DA:61,1
LF:25
LH:17
BRDA:48,0,0,0
BRDA:48,0,1,0
BRF:2
BRH:0
end_of_record
